<?xml version="1.0" encoding="utf-8"?><testsuites name="pytest tests"><testsuite name="pytest" errors="0" failures="0" skipped="0" tests="13" time="2.264" timestamp="2026-04-28T16:06:45.841955+00:00" hostname="agent-env-362330b1-712d-406e-b3a4-50a8a79da735"><testcase classname="backend.tests.test_orchitek_api.TestHealth" name="test_root" time="0.306" /><testcase classname="backend.tests.test_orchitek_api.TestHealth" name="test_health" time="0.150" /><testcase classname="backend.tests.test_orchitek_api.TestEnrollments" name="test_create_regular" time="0.153" /><testcase classname="backend.tests.test_orchitek_api.TestEnrollments" name="test_create_student" time="0.132" /><testcase classname="backend.tests.test_orchitek_api.TestEnrollments" name="test_create_invalid_plan" time="0.137" /><testcase classname="backend.tests.test_orchitek_api.TestEnrollments" name="test_create_invalid_email" time="0.147" /><testcase classname="backend.tests.test_orchitek_api.TestEnrollments" name="test_create_missing_fields" time="0.172" /><testcase classname="backend.tests.test_orchitek_api.TestEnrollments" name="test_list_no_objectid" time="0.120" /><testcase classname="backend.tests.test_orchitek_api.TestEnrollments" name="test_create_then_listed" time="0.210" /><testcase classname="backend.tests.test_orchitek_api.TestVerify" name="test_verify_bad_signature" time="0.197" /><testcase classname="backend.tests.test_orchitek_api.TestVerify" name="test_verify_unknown_enrollment" time="0.191" /><testcase classname="backend.tests.test_orchitek_api.TestLeads" name="test_create_lead" time="0.136" /><testcase classname="backend.tests.test_orchitek_api.TestLeads" name="test_lead_invalid_email" time="0.129" /></testsuite></testsuites>